This is pdfTeX, Version 3.14159265-2.6-1.40.21 (TeX Live 2020/MacPorts 2020.54632_3) (preloaded format=pdflatex 2021.1.19)  25 OCT 2021 22:12
entering extended mode
 restricted \write18 enabled.
 %&-line parsing enabled.
**16-prior-bma.tex
(./16-prior-bma.tex
LaTeX2e <2020-02-02> patch level 5
L3 programming layer <2020-03-06>
(/opt/local/share/texmf-texlive/tex/latex/beamer/beamer.cls
Document Class: beamer 2019/09/29 v3.57 A class for typesetting presentations
(/opt/local/share/texmf-texlive/tex/latex/beamer/beamerbasemodes.sty
(/opt/local/share/texmf-texlive/tex/latex/etoolbox/etoolbox.sty
Package: etoolbox 2019/09/21 v2.5h e-TeX tools for LaTeX (JAW)
\etb@tempcnta=\count167
)
\beamer@tempbox=\box45
\beamer@tempcount=\count168
\c@beamerpauses=\count169

(/opt/local/share/texmf-texlive/tex/latex/beamer/beamerbasedecode.sty
\beamer@slideinframe=\count170
\beamer@minimum=\count171
\beamer@decode@box=\box46
)
\beamer@commentbox=\box47
\beamer@modecount=\count172
)
(/opt/local/share/texmf-texlive/tex/generic/iftex/ifpdf.sty
Package: ifpdf 2019/10/25 v3.4 ifpdf legacy package. Use iftex instead.

(/opt/local/share/texmf-texlive/tex/generic/iftex/iftex.sty
Package: iftex 2020/03/06 v1.0d TeX engine tests
))
\headdp=\dimen134
\footheight=\dimen135
\sidebarheight=\dimen136
\beamer@tempdim=\dimen137
\beamer@finalheight=\dimen138
\beamer@animht=\dimen139
\beamer@animdp=\dimen140
\beamer@animwd=\dimen141
\beamer@leftmargin=\dimen142
\beamer@rightmargin=\dimen143
\beamer@leftsidebar=\dimen144
\beamer@rightsidebar=\dimen145
\beamer@boxsize=\dimen146
\beamer@vboxoffset=\dimen147
\beamer@descdefault=\dimen148
\beamer@descriptionwidth=\dimen149
\beamer@lastskip=\skip47
\beamer@areabox=\box48
\beamer@animcurrent=\box49
\beamer@animshowbox=\box50
\beamer@sectionbox=\box51
\beamer@logobox=\box52
\beamer@linebox=\box53
\beamer@sectioncount=\count173
\beamer@subsubsectionmax=\count174
\beamer@subsectionmax=\count175
\beamer@sectionmax=\count176
\beamer@totalheads=\count177
\beamer@headcounter=\count178
\beamer@partstartpage=\count179
\beamer@sectionstartpage=\count180
\beamer@subsectionstartpage=\count181
\beamer@animationtempa=\count182
\beamer@animationtempb=\count183
\beamer@xpos=\count184
\beamer@ypos=\count185
\beamer@ypos@offset=\count186
\beamer@showpartnumber=\count187
\beamer@currentsubsection=\count188
\beamer@coveringdepth=\count189
\beamer@sectionadjust=\count190
\beamer@tocsectionnumber=\count191

(/opt/local/share/texmf-texlive/tex/latex/beamer/beamerbaseoptions.sty
(/opt/local/share/texmf-texlive/tex/latex/graphics/keyval.sty
Package: keyval 2014/10/28 v1.15 key=value parser (DPC)
\KV@toks@=\toks15
))
\beamer@paperwidth=\skip48
\beamer@paperheight=\skip49

(/opt/local/share/texmf-texlive/tex/latex/geometry/geometry.sty
Package: geometry 2020/01/02 v5.9 Page Geometry

(/opt/local/share/texmf-texlive/tex/generic/iftex/ifvtex.sty
Package: ifvtex 2019/10/25 v1.7 ifvtex legacy package. Use iftex instead.
)
\Gm@cnth=\count192
\Gm@cntv=\count193
\c@Gm@tempcnt=\count194
\Gm@bindingoffset=\dimen150
\Gm@wd@mp=\dimen151
\Gm@odd@mp=\dimen152
\Gm@even@mp=\dimen153
\Gm@layoutwidth=\dimen154
\Gm@layoutheight=\dimen155
\Gm@layouthoffset=\dimen156
\Gm@layoutvoffset=\dimen157
\Gm@dimlist=\toks16
)
(/opt/local/share/texmf-texlive/tex/latex/base/size11.clo
File: size11.clo 2019/12/20 v1.4l Standard LaTeX file (size option)
)
(/opt/local/share/texmf-texlive/tex/latex/pgf/basiclayer/pgfcore.sty
(/opt/local/share/texmf-texlive/tex/latex/graphics/graphicx.sty
Package: graphicx 2019/11/30 v1.2a Enhanced LaTeX Graphics (DPC,SPQR)

(/opt/local/share/texmf-texlive/tex/latex/graphics/graphics.sty
Package: graphics 2019/11/30 v1.4a Standard LaTeX Graphics (DPC,SPQR)

(/opt/local/share/texmf-texlive/tex/latex/graphics/trig.sty
Package: trig 2016/01/03 v1.10 sin cos tan (DPC)
)
(/opt/local/share/texmf-texlive/tex/latex/graphics-cfg/graphics.cfg
File: graphics.cfg 2016/06/04 v1.11 sample graphics configuration
)
Package graphics Info: Driver file: pdftex.def on input line 105.

(/opt/local/share/texmf-texlive/tex/latex/graphics-def/pdftex.def
File: pdftex.def 2018/01/08 v1.0l Graphics/color driver for pdftex
))
\Gin@req@height=\dimen158
\Gin@req@width=\dimen159
)
(/opt/local/share/texmf-texlive/tex/latex/pgf/systemlayer/pgfsys.sty
(/opt/local/share/texmf-texlive/tex/latex/pgf/utilities/pgfrcs.sty
(/opt/local/share/texmf-texlive/tex/generic/pgf/utilities/pgfutil-common.tex
\pgfutil@everybye=\toks17
\pgfutil@tempdima=\dimen160
\pgfutil@tempdimb=\dimen161

(/opt/local/share/texmf-texlive/tex/generic/pgf/utilities/pgfutil-common-lists.
tex))
(/opt/local/share/texmf-texlive/tex/generic/pgf/utilities/pgfutil-latex.def
\pgfutil@abb=\box54

(/opt/local/share/texmf-texlive/tex/latex/ms/everyshi.sty
Package: everyshi 2001/05/15 v3.00 EveryShipout Package (MS)
))
(/opt/local/share/texmf-texlive/tex/generic/pgf/utilities/pgfrcs.code.tex
(/opt/local/share/texmf-texlive/tex/generic/pgf/pgf.revision.tex)
Package: pgfrcs 2020/01/08 v3.1.5b (3.1.5b)
))
(/opt/local/share/texmf-texlive/tex/generic/pgf/systemlayer/pgfsys.code.tex
Package: pgfsys 2020/01/08 v3.1.5b (3.1.5b)

(/opt/local/share/texmf-texlive/tex/generic/pgf/utilities/pgfkeys.code.tex
\pgfkeys@pathtoks=\toks18
\pgfkeys@temptoks=\toks19

(/opt/local/share/texmf-texlive/tex/generic/pgf/utilities/pgfkeysfiltered.code.
tex
\pgfkeys@tmptoks=\toks20
))
\pgf@x=\dimen162
\pgf@y=\dimen163
\pgf@xa=\dimen164
\pgf@ya=\dimen165
\pgf@xb=\dimen166
\pgf@yb=\dimen167
\pgf@xc=\dimen168
\pgf@yc=\dimen169
\pgf@xd=\dimen170
\pgf@yd=\dimen171
\w@pgf@writea=\write3
\r@pgf@reada=\read2
\c@pgf@counta=\count195
\c@pgf@countb=\count196
\c@pgf@countc=\count197
\c@pgf@countd=\count198
\t@pgf@toka=\toks21
\t@pgf@tokb=\toks22
\t@pgf@tokc=\toks23
\pgf@sys@id@count=\count199
 (/opt/local/share/texmf-texlive/tex/generic/pgf/systemlayer/pgf.cfg
File: pgf.cfg 2020/01/08 v3.1.5b (3.1.5b)
)
Driver file for pgf: pgfsys-pdftex.def

(/opt/local/share/texmf-texlive/tex/generic/pgf/systemlayer/pgfsys-pdftex.def
File: pgfsys-pdftex.def 2020/01/08 v3.1.5b (3.1.5b)

(/opt/local/share/texmf-texlive/tex/generic/pgf/systemlayer/pgfsys-common-pdf.d
ef
File: pgfsys-common-pdf.def 2020/01/08 v3.1.5b (3.1.5b)
)))
(/opt/local/share/texmf-texlive/tex/generic/pgf/systemlayer/pgfsyssoftpath.code
.tex
File: pgfsyssoftpath.code.tex 2020/01/08 v3.1.5b (3.1.5b)
\pgfsyssoftpath@smallbuffer@items=\count266
\pgfsyssoftpath@bigbuffer@items=\count267
)
(/opt/local/share/texmf-texlive/tex/generic/pgf/systemlayer/pgfsysprotocol.code
.tex
File: pgfsysprotocol.code.tex 2020/01/08 v3.1.5b (3.1.5b)
)) (/opt/local/share/texmf-texlive/tex/latex/xcolor/xcolor.sty
Package: xcolor 2016/05/11 v2.12 LaTeX color extensions (UK)

(/opt/local/share/texmf-texlive/tex/latex/graphics-cfg/color.cfg
File: color.cfg 2016/01/02 v1.6 sample color configuration
)
Package xcolor Info: Driver file: pdftex.def on input line 225.
Package xcolor Info: Model `cmy' substituted by `cmy0' on input line 1348.
Package xcolor Info: Model `hsb' substituted by `rgb' on input line 1352.
Package xcolor Info: Model `RGB' extended on input line 1364.
Package xcolor Info: Model `HTML' substituted by `rgb' on input line 1366.
Package xcolor Info: Model `Hsb' substituted by `hsb' on input line 1367.
Package xcolor Info: Model `tHsb' substituted by `hsb' on input line 1368.
Package xcolor Info: Model `HSB' substituted by `hsb' on input line 1369.
Package xcolor Info: Model `Gray' substituted by `gray' on input line 1370.
Package xcolor Info: Model `wave' substituted by `hsb' on input line 1371.
)
(/opt/local/share/texmf-texlive/tex/generic/pgf/basiclayer/pgfcore.code.tex
Package: pgfcore 2020/01/08 v3.1.5b (3.1.5b)

(/opt/local/share/texmf-texlive/tex/generic/pgf/math/pgfmath.code.tex
(/opt/local/share/texmf-texlive/tex/generic/pgf/math/pgfmathcalc.code.tex
(/opt/local/share/texmf-texlive/tex/generic/pgf/math/pgfmathutil.code.tex)
(/opt/local/share/texmf-texlive/tex/generic/pgf/math/pgfmathparser.code.tex
\pgfmath@dimen=\dimen172
\pgfmath@count=\count268
\pgfmath@box=\box55
\pgfmath@toks=\toks24
\pgfmath@stack@operand=\toks25
\pgfmath@stack@operation=\toks26
)
(/opt/local/share/texmf-texlive/tex/generic/pgf/math/pgfmathfunctions.code.tex
(/opt/local/share/texmf-texlive/tex/generic/pgf/math/pgfmathfunctions.basic.cod
e.tex)
(/opt/local/share/texmf-texlive/tex/generic/pgf/math/pgfmathfunctions.trigonome
tric.code.tex)
(/opt/local/share/texmf-texlive/tex/generic/pgf/math/pgfmathfunctions.random.co
de.tex)
(/opt/local/share/texmf-texlive/tex/generic/pgf/math/pgfmathfunctions.compariso
n.code.tex)
(/opt/local/share/texmf-texlive/tex/generic/pgf/math/pgfmathfunctions.base.code
.tex)
(/opt/local/share/texmf-texlive/tex/generic/pgf/math/pgfmathfunctions.round.cod
e.tex)
(/opt/local/share/texmf-texlive/tex/generic/pgf/math/pgfmathfunctions.misc.code
.tex)
(/opt/local/share/texmf-texlive/tex/generic/pgf/math/pgfmathfunctions.integerar
ithmetics.code.tex)))
(/opt/local/share/texmf-texlive/tex/generic/pgf/math/pgfmathfloat.code.tex
\c@pgfmathroundto@lastzeros=\count269
))
(/opt/local/share/texmf-texlive/tex/generic/pgf/math/pgfint.code.tex)
(/opt/local/share/texmf-texlive/tex/generic/pgf/basiclayer/pgfcorepoints.code.t
ex
File: pgfcorepoints.code.tex 2020/01/08 v3.1.5b (3.1.5b)
\pgf@picminx=\dimen173
\pgf@picmaxx=\dimen174
\pgf@picminy=\dimen175
\pgf@picmaxy=\dimen176
\pgf@pathminx=\dimen177
\pgf@pathmaxx=\dimen178
\pgf@pathminy=\dimen179
\pgf@pathmaxy=\dimen180
\pgf@xx=\dimen181
\pgf@xy=\dimen182
\pgf@yx=\dimen183
\pgf@yy=\dimen184
\pgf@zx=\dimen185
\pgf@zy=\dimen186
)
(/opt/local/share/texmf-texlive/tex/generic/pgf/basiclayer/pgfcorepathconstruct
.code.tex
File: pgfcorepathconstruct.code.tex 2020/01/08 v3.1.5b (3.1.5b)
\pgf@path@lastx=\dimen187
\pgf@path@lasty=\dimen188
)
(/opt/local/share/texmf-texlive/tex/generic/pgf/basiclayer/pgfcorepathusage.cod
e.tex
File: pgfcorepathusage.code.tex 2020/01/08 v3.1.5b (3.1.5b)
\pgf@shorten@end@additional=\dimen189
\pgf@shorten@start@additional=\dimen190
)
(/opt/local/share/texmf-texlive/tex/generic/pgf/basiclayer/pgfcorescopes.code.t
ex
File: pgfcorescopes.code.tex 2020/01/08 v3.1.5b (3.1.5b)
\pgfpic=\box56
\pgf@hbox=\box57
\pgf@layerbox@main=\box58
\pgf@picture@serial@count=\count270
)
(/opt/local/share/texmf-texlive/tex/generic/pgf/basiclayer/pgfcoregraphicstate.
code.tex
File: pgfcoregraphicstate.code.tex 2020/01/08 v3.1.5b (3.1.5b)
\pgflinewidth=\dimen191
)
(/opt/local/share/texmf-texlive/tex/generic/pgf/basiclayer/pgfcoretransformatio
ns.code.tex
File: pgfcoretransformations.code.tex 2020/01/08 v3.1.5b (3.1.5b)
\pgf@pt@x=\dimen192
\pgf@pt@y=\dimen193
\pgf@pt@temp=\dimen194
)
(/opt/local/share/texmf-texlive/tex/generic/pgf/basiclayer/pgfcorequick.code.te
x
File: pgfcorequick.code.tex 2020/01/08 v3.1.5b (3.1.5b)
)
(/opt/local/share/texmf-texlive/tex/generic/pgf/basiclayer/pgfcoreobjects.code.
tex
File: pgfcoreobjects.code.tex 2020/01/08 v3.1.5b (3.1.5b)
)
(/opt/local/share/texmf-texlive/tex/generic/pgf/basiclayer/pgfcorepathprocessin
g.code.tex
File: pgfcorepathprocessing.code.tex 2020/01/08 v3.1.5b (3.1.5b)
)
(/opt/local/share/texmf-texlive/tex/generic/pgf/basiclayer/pgfcorearrows.code.t
ex
File: pgfcorearrows.code.tex 2020/01/08 v3.1.5b (3.1.5b)
\pgfarrowsep=\dimen195
)
(/opt/local/share/texmf-texlive/tex/generic/pgf/basiclayer/pgfcoreshade.code.te
x
File: pgfcoreshade.code.tex 2020/01/08 v3.1.5b (3.1.5b)
\pgf@max=\dimen196
\pgf@sys@shading@range@num=\count271
\pgf@shadingcount=\count272
)
(/opt/local/share/texmf-texlive/tex/generic/pgf/basiclayer/pgfcoreimage.code.te
x
File: pgfcoreimage.code.tex 2020/01/08 v3.1.5b (3.1.5b)

(/opt/local/share/texmf-texlive/tex/generic/pgf/basiclayer/pgfcoreexternal.code
.tex
File: pgfcoreexternal.code.tex 2020/01/08 v3.1.5b (3.1.5b)
\pgfexternal@startupbox=\box59
))
(/opt/local/share/texmf-texlive/tex/generic/pgf/basiclayer/pgfcorelayers.code.t
ex
File: pgfcorelayers.code.tex 2020/01/08 v3.1.5b (3.1.5b)
)
(/opt/local/share/texmf-texlive/tex/generic/pgf/basiclayer/pgfcoretransparency.
code.tex
File: pgfcoretransparency.code.tex 2020/01/08 v3.1.5b (3.1.5b)
)
(/opt/local/share/texmf-texlive/tex/generic/pgf/basiclayer/pgfcorepatterns.code
.tex
File: pgfcorepatterns.code.tex 2020/01/08 v3.1.5b (3.1.5b)
)
(/opt/local/share/texmf-texlive/tex/generic/pgf/basiclayer/pgfcorerdf.code.tex
File: pgfcorerdf.code.tex 2020/01/08 v3.1.5b (3.1.5b)
))) (/opt/local/share/texmf-texlive/tex/latex/pgf/utilities/xxcolor.sty
Package: xxcolor 2003/10/24 ver 0.1
\XC@nummixins=\count273
\XC@countmixins=\count274
)
(/opt/local/share/texmf-texlive/tex/generic/atbegshi/atbegshi.sty
Package: atbegshi 2019/12/05 v1.19 At begin shipout hook (HO)

(/opt/local/share/texmf-texlive/tex/generic/infwarerr/infwarerr.sty
Package: infwarerr 2019/12/03 v1.5 Providing info/warning/error messages (HO)
)
(/opt/local/share/texmf-texlive/tex/generic/ltxcmds/ltxcmds.sty
Package: ltxcmds 2019/12/15 v1.24 LaTeX kernel commands for general use (HO)
))
(/opt/local/share/texmf-texlive/tex/latex/hyperref/hyperref.sty
Package: hyperref 2020/01/14 v7.00d Hypertext links for LaTeX

(/opt/local/share/texmf-texlive/tex/latex/pdftexcmds/pdftexcmds.sty
Package: pdftexcmds 2019/11/24 v0.31 Utility functions of pdfTeX for LuaTeX (HO
)
Package pdftexcmds Info: \pdf@primitive is available.
Package pdftexcmds Info: \pdf@ifprimitive is available.
Package pdftexcmds Info: \pdfdraftmode found.
)
(/opt/local/share/texmf-texlive/tex/generic/kvsetkeys/kvsetkeys.sty
Package: kvsetkeys 2019/12/15 v1.18 Key value parser (HO)
)
(/opt/local/share/texmf-texlive/tex/generic/kvdefinekeys/kvdefinekeys.sty
Package: kvdefinekeys 2019-12-19 v1.6 Define keys (HO)
)
(/opt/local/share/texmf-texlive/tex/generic/pdfescape/pdfescape.sty
Package: pdfescape 2019/12/09 v1.15 Implements pdfTeX's escape features (HO)
)
(/opt/local/share/texmf-texlive/tex/latex/hycolor/hycolor.sty
Package: hycolor 2020-01-27 v1.10 Color options for hyperref/bookmark (HO)
)
(/opt/local/share/texmf-texlive/tex/latex/letltxmacro/letltxmacro.sty
Package: letltxmacro 2019/12/03 v1.6 Let assignment for LaTeX macros (HO)
)
(/opt/local/share/texmf-texlive/tex/latex/auxhook/auxhook.sty
Package: auxhook 2019-12-17 v1.6 Hooks for auxiliary files (HO)
)
(/opt/local/share/texmf-texlive/tex/latex/kvoptions/kvoptions.sty
Package: kvoptions 2019/11/29 v3.13 Key value format for package options (HO)
)
\@linkdim=\dimen197
\Hy@linkcounter=\count275
\Hy@pagecounter=\count276

(/opt/local/share/texmf-texlive/tex/latex/hyperref/pd1enc.def
File: pd1enc.def 2020/01/14 v7.00d Hyperref: PDFDocEncoding definition (HO)
Now handling font encoding PD1 ...
... no UTF-8 mapping file for font encoding PD1
)
(/opt/local/share/texmf-texlive/tex/generic/intcalc/intcalc.sty
Package: intcalc 2019/12/15 v1.3 Expandable calculations with integers (HO)
)
(/opt/local/share/texmf-texlive/tex/generic/etexcmds/etexcmds.sty
Package: etexcmds 2019/12/15 v1.7 Avoid name clashes with e-TeX commands (HO)
)
\Hy@SavedSpaceFactor=\count277
Package hyperref Info: Option `bookmarks' set `true' on input line 4421.
Package hyperref Info: Option `bookmarksopen' set `true' on input line 4421.
Package hyperref Info: Option `implicit' set `false' on input line 4421.
Package hyperref Info: Hyper figures OFF on input line 4547.
Package hyperref Info: Link nesting OFF on input line 4552.
Package hyperref Info: Hyper index ON on input line 4555.
Package hyperref Info: Plain pages OFF on input line 4562.
Package hyperref Info: Backreferencing OFF on input line 4567.
Package hyperref Info: Implicit mode OFF; no redefinition of LaTeX internals.
Package hyperref Info: Bookmarks ON on input line 4800.
\c@Hy@tempcnt=\count278

(/opt/local/share/texmf-texlive/tex/latex/url/url.sty
\Urlmuskip=\muskip16
Package: url 2013/09/16  ver 3.4  Verb mode for urls, etc.
)
LaTeX Info: Redefining \url on input line 5159.
\XeTeXLinkMargin=\dimen198

(/opt/local/share/texmf-texlive/tex/generic/bitset/bitset.sty
Package: bitset 2019/12/09 v1.3 Handle bit-vector datatype (HO)

(/opt/local/share/texmf-texlive/tex/generic/bigintcalc/bigintcalc.sty
Package: bigintcalc 2019/12/15 v1.5 Expandable calculations on big integers (HO
)
))
\Fld@menulength=\count279
\Field@Width=\dimen199
\Fld@charsize=\dimen256
Package hyperref Info: Hyper figures OFF on input line 6430.
Package hyperref Info: Link nesting OFF on input line 6435.
Package hyperref Info: Hyper index ON on input line 6438.
Package hyperref Info: backreferencing OFF on input line 6445.
Package hyperref Info: Link coloring OFF on input line 6450.
Package hyperref Info: Link coloring with OCG OFF on input line 6455.
Package hyperref Info: PDF/A mode OFF on input line 6460.
LaTeX Info: Redefining \ref on input line 6500.
LaTeX Info: Redefining \pageref on input line 6504.
\Hy@abspage=\count280


Package hyperref Message: Stopped early.

)
Package hyperref Info: Driver (autodetected): hpdftex.
 (/opt/local/share/texmf-texlive/tex/latex/hyperref/hpdftex.def
File: hpdftex.def 2020/01/14 v7.00d Hyperref driver for pdfTeX

(/opt/local/share/texmf-texlive/tex/latex/atveryend/atveryend.sty
Package: atveryend 2019-12-11 v1.11 Hooks at the very end of document (HO)
)
\Fld@listcount=\count281
\c@bookmark@seq@number=\count282

(/opt/local/share/texmf-texlive/tex/latex/rerunfilecheck/rerunfilecheck.sty
Package: rerunfilecheck 2019/12/05 v1.9 Rerun checks for auxiliary files (HO)

(/opt/local/share/texmf-texlive/tex/generic/uniquecounter/uniquecounter.sty
Package: uniquecounter 2019/12/15 v1.4 Provide unlimited unique counter (HO)
)
Package uniquecounter Info: New unique counter `rerunfilecheck' on input line 2
86.
))
(/opt/local/share/texmf-texlive/tex/latex/beamer/beamerbaserequires.sty
(/opt/local/share/texmf-texlive/tex/latex/beamer/beamerbasecompatibility.sty)
(/opt/local/share/texmf-texlive/tex/latex/beamer/beamerbasefont.sty
(/opt/local/share/texmf-texlive/tex/latex/amsfonts/amssymb.sty
Package: amssymb 2013/01/14 v3.01 AMS font symbols

(/opt/local/share/texmf-texlive/tex/latex/amsfonts/amsfonts.sty
Package: amsfonts 2013/01/14 v3.01 Basic AMSFonts support
\@emptytoks=\toks27
\symAMSa=\mathgroup4
\symAMSb=\mathgroup5
LaTeX Font Info:    Redeclaring math symbol \hbar on input line 98.
LaTeX Font Info:    Overwriting math alphabet `\mathfrak' in version `bold'
(Font)                  U/euf/m/n --> U/euf/b/n on input line 106.
))
(/opt/local/share/texmf-texlive/tex/latex/sansmathaccent/sansmathaccent.sty
Package: sansmathaccent 2020/01/31

(/opt/local/share/texmf-texlive/tex/latex/koma-script/scrlfile.sty
Package: scrlfile 2020/01/24 v3.29 KOMA-Script package (loading files)
)))
(/opt/local/share/texmf-texlive/tex/latex/beamer/beamerbasetranslator.sty
(/opt/local/share/texmf-texlive/tex/latex/translator/translator.sty
Package: translator 2019-05-31 v1.12a Easy translation of strings in LaTeX
))
(/opt/local/share/texmf-texlive/tex/latex/beamer/beamerbasemisc.sty)
(/opt/local/share/texmf-texlive/tex/latex/beamer/beamerbasetwoscreens.sty)
(/opt/local/share/texmf-texlive/tex/latex/beamer/beamerbaseoverlay.sty
\beamer@argscount=\count283
\beamer@lastskipcover=\skip50
\beamer@trivlistdepth=\count284
)
(/opt/local/share/texmf-texlive/tex/latex/beamer/beamerbasetitle.sty)
(/opt/local/share/texmf-texlive/tex/latex/beamer/beamerbasesection.sty
\c@lecture=\count285
\c@part=\count286
\c@section=\count287
\c@subsection=\count288
\c@subsubsection=\count289
)
(/opt/local/share/texmf-texlive/tex/latex/beamer/beamerbaseframe.sty
\beamer@framebox=\box60
\beamer@frametitlebox=\box61
\beamer@zoombox=\box62
\beamer@zoomcount=\count290
\beamer@zoomframecount=\count291
\beamer@frametextheight=\dimen257
\c@subsectionslide=\count292
\beamer@frametopskip=\skip51
\beamer@framebottomskip=\skip52
\beamer@frametopskipautobreak=\skip53
\beamer@framebottomskipautobreak=\skip54
\beamer@envbody=\toks28
\framewidth=\dimen258
\c@framenumber=\count293
)
(/opt/local/share/texmf-texlive/tex/latex/beamer/beamerbaseverbatim.sty
\beamer@verbatimfileout=\write4
)
(/opt/local/share/texmf-texlive/tex/latex/beamer/beamerbaseframesize.sty
\beamer@splitbox=\box63
\beamer@autobreakcount=\count294
\beamer@autobreaklastheight=\dimen259
\beamer@frametitletoks=\toks29
\beamer@framesubtitletoks=\toks30
)
(/opt/local/share/texmf-texlive/tex/latex/beamer/beamerbaseframecomponents.sty
\beamer@footins=\box64
) (/opt/local/share/texmf-texlive/tex/latex/beamer/beamerbasecolor.sty)
(/opt/local/share/texmf-texlive/tex/latex/beamer/beamerbasenotes.sty
\beamer@frameboxcopy=\box65
)
(/opt/local/share/texmf-texlive/tex/latex/beamer/beamerbasetoc.sty)
(/opt/local/share/texmf-texlive/tex/latex/beamer/beamerbasetemplates.sty
\beamer@sbttoks=\toks31

(/opt/local/share/texmf-texlive/tex/latex/beamer/beamerbaseauxtemplates.sty
(/opt/local/share/texmf-texlive/tex/latex/beamer/beamerbaseboxes.sty
\bmb@box=\box66
\bmb@colorbox=\box67
\bmb@boxshadow=\box68
\bmb@boxshadowball=\box69
\bmb@boxshadowballlarge=\box70
\bmb@temp=\dimen260
\bmb@dima=\dimen261
\bmb@dimb=\dimen262
\bmb@prevheight=\dimen263
)
\beamer@blockheadheight=\dimen264
))
(/opt/local/share/texmf-texlive/tex/latex/beamer/beamerbaselocalstructure.sty
(/opt/local/share/texmf-texlive/tex/latex/tools/enumerate.sty
Package: enumerate 2015/07/23 v3.00 enumerate extensions (DPC)
\@enLab=\toks32
)
\c@figure=\count295
\c@table=\count296
\abovecaptionskip=\skip55
\belowcaptionskip=\skip56
)
(/opt/local/share/texmf-texlive/tex/latex/beamer/beamerbasenavigation.sty
\beamer@section@min@dim=\dimen265
)
(/opt/local/share/texmf-texlive/tex/latex/beamer/beamerbasetheorems.sty
(/opt/local/share/texmf-texlive/tex/latex/amsmath/amsmath.sty
Package: amsmath 2020/01/20 v2.17e AMS math features
\@mathmargin=\skip57

For additional information on amsmath, use the `?' option.
(/opt/local/share/texmf-texlive/tex/latex/amsmath/amstext.sty
Package: amstext 2000/06/29 v2.01 AMS text

(/opt/local/share/texmf-texlive/tex/latex/amsmath/amsgen.sty
File: amsgen.sty 1999/11/30 v2.0 generic functions
\@emptytoks=\toks33
\ex@=\dimen266
))
(/opt/local/share/texmf-texlive/tex/latex/amsmath/amsbsy.sty
Package: amsbsy 1999/11/29 v1.2d Bold Symbols
\pmbraise@=\dimen267
)
(/opt/local/share/texmf-texlive/tex/latex/amsmath/amsopn.sty
Package: amsopn 2016/03/08 v2.02 operator names
)
\inf@bad=\count297
LaTeX Info: Redefining \frac on input line 227.
\uproot@=\count298
\leftroot@=\count299
LaTeX Info: Redefining \overline on input line 389.
\classnum@=\count300
\DOTSCASE@=\count301
LaTeX Info: Redefining \ldots on input line 486.
LaTeX Info: Redefining \dots on input line 489.
LaTeX Info: Redefining \cdots on input line 610.
\Mathstrutbox@=\box71
\strutbox@=\box72
\big@size=\dimen268
LaTeX Font Info:    Redeclaring font encoding OML on input line 733.
LaTeX Font Info:    Redeclaring font encoding OMS on input line 734.
\macc@depth=\count302
\c@MaxMatrixCols=\count303
\dotsspace@=\muskip17
\c@parentequation=\count304
\dspbrk@lvl=\count305
\tag@help=\toks34
\row@=\count306
\column@=\count307
\maxfields@=\count308
\andhelp@=\toks35
\eqnshift@=\dimen269
\alignsep@=\dimen270
\tagshift@=\dimen271
\tagwidth@=\dimen272
\totwidth@=\dimen273
\lineht@=\dimen274
\@envbody=\toks36
\multlinegap=\skip58
\multlinetaggap=\skip59
\mathdisplay@stack=\toks37
LaTeX Info: Redefining \[ on input line 2859.
LaTeX Info: Redefining \] on input line 2860.
)
(/opt/local/share/texmf-texlive/tex/latex/amscls/amsthm.sty
Package: amsthm 2017/10/31 v2.20.4
\thm@style=\toks38
\thm@bodyfont=\toks39
\thm@headfont=\toks40
\thm@notefont=\toks41
\thm@headpunct=\toks42
\thm@preskip=\skip60
\thm@postskip=\skip61
\thm@headsep=\skip62
\dth@everypar=\toks43
)
\c@theorem=\count309
)
(/opt/local/share/texmf-texlive/tex/latex/beamer/beamerbasethemes.sty))
(/opt/local/share/texmf-texlive/tex/latex/beamer/beamerthemedefault.sty
(/opt/local/share/texmf-texlive/tex/latex/beamer/beamerfontthemedefault.sty)
(/opt/local/share/texmf-texlive/tex/latex/beamer/beamercolorthemedefault.sty)
(/opt/local/share/texmf-texlive/tex/latex/beamer/beamerinnerthemedefault.sty
\beamer@dima=\dimen275
\beamer@dimb=\dimen276
)
(/opt/local/share/texmf-texlive/tex/latex/beamer/beamerouterthemedefault.sty)))
(/opt/local/share/texmf-texlive/tex/latex/framed/framed.sty
Package: framed 2011/10/22 v 0.96: framed or shaded text with page breaks
\OuterFrameSep=\skip63
\fb@frw=\dimen277
\fb@frh=\dimen278
\FrameRule=\dimen279
\FrameSep=\dimen280
)
(/opt/local/share/texmf-texlive/tex/latex/base/alltt.sty
Package: alltt 1997/06/16 v2.0g defines alltt environment
)
(/opt/local/share/texmf-texlive/tex/latex/tools/array.sty
Package: array 2019/08/31 v2.4l Tabular extension package (FMi)
\col@sep=\dimen281
\ar@mcellbox=\box73
\extrarowheight=\dimen282
\NC@list=\toks44
\extratabsurround=\skip64
\backup@length=\skip65
\ar@cellbox=\box74
)
(/opt/local/share/texmf-texlive/tex/latex/comment/comment.sty
\CommentStream=\write5

Excluding comment 'comment')
(/opt/local/share/texmf-texlive/tex/latex/amsfonts/eucal.sty
Package: eucal 2009/06/22 v3.00 Euler Script fonts
LaTeX Font Info:    Overwriting math alphabet `\EuScript' in version `bold'
(Font)                  U/eus/m/n --> U/eus/b/n on input line 33.
) (./macros.tex)
(/opt/local/share/texmf-texlive/tex/latex/upquote/upquote.sty
Package: upquote 2012/04/19 v1.3 upright-quote and grave-accent glyphs in verba
tim
)
(/opt/local/share/texmf-texlive/tex/latex/l3backend/l3backend-pdfmode.def
File: l3backend-pdfmode.def 2020-03-12 L3 backend support: PDF mode
\l__kernel_color_stack_int=\count310
\l__pdf_internal_box=\box75
)
(./16-prior-bma.aux)
\openout1 = `16-prior-bma.aux'.

LaTeX Font Info:    Checking defaults for OML/cmm/m/it on input line 80.
LaTeX Font Info:    ... okay on input line 80.
LaTeX Font Info:    Checking defaults for OMS/cmsy/m/n on input line 80.
LaTeX Font Info:    ... okay on input line 80.
LaTeX Font Info:    Checking defaults for OT1/cmr/m/n on input line 80.
LaTeX Font Info:    ... okay on input line 80.
LaTeX Font Info:    Checking defaults for T1/cmr/m/n on input line 80.
LaTeX Font Info:    ... okay on input line 80.
LaTeX Font Info:    Checking defaults for TS1/cmr/m/n on input line 80.
LaTeX Font Info:    ... okay on input line 80.
LaTeX Font Info:    Checking defaults for OMX/cmex/m/n on input line 80.
LaTeX Font Info:    ... okay on input line 80.
LaTeX Font Info:    Checking defaults for U/cmr/m/n on input line 80.
LaTeX Font Info:    ... okay on input line 80.
LaTeX Font Info:    Checking defaults for PD1/pdf/m/n on input line 80.
LaTeX Font Info:    ... okay on input line 80.

*geometry* driver: auto-detecting
*geometry* detected driver: pdftex
*geometry* verbose mode - [ preamble ] result:
* driver: pdftex
* paper: custom
* layout: <same size as paper>
* layoutoffset:(h,v)=(0.0pt,0.0pt)
* modes: includehead includefoot 
* h-part:(L,W,R)=(28.45274pt, 307.28987pt, 28.45274pt)
* v-part:(T,H,B)=(0.0pt, 273.14662pt, 0.0pt)
* \paperwidth=364.19536pt
* \paperheight=273.14662pt
* \textwidth=307.28987pt
* \textheight=244.6939pt
* \oddsidemargin=-43.81725pt
* \evensidemargin=-43.81725pt
* \topmargin=-72.26999pt
* \headheight=14.22636pt
* \headsep=0.0pt
* \topskip=11.0pt
* \footskip=14.22636pt
* \marginparwidth=4.0pt
* \marginparsep=10.0pt
* \columnsep=10.0pt
* \skip\footins=10.0pt plus 4.0pt minus 2.0pt
* \hoffset=0.0pt
* \voffset=0.0pt
* \mag=1000
* \@twocolumnfalse
* \@twosidefalse
* \@mparswitchfalse
* \@reversemarginfalse
* (1in=72.27pt=25.4mm, 1cm=28.453pt)

(/opt/local/share/texmf-texlive/tex/context/base/mkii/supp-pdf.mkii
[Loading MPS to PDF converter (version 2006.09.02).]
\scratchcounter=\count311
\scratchdimen=\dimen283
\scratchbox=\box76
\nofMPsegments=\count312
\nofMParguments=\count313
\everyMPshowfont=\toks45
\MPscratchCnt=\count314
\MPscratchDim=\dimen284
\MPnumerator=\count315
\makeMPintoPDFobject=\count316
\everyMPtoPDFconversion=\toks46
) (/opt/local/share/texmf-texlive/tex/latex/epstopdf-pkg/epstopdf-base.sty
Package: epstopdf-base 2020-01-24 v2.11 Base part for package epstopdf
Package epstopdf-base Info: Redefining graphics rule for `.eps' on input line 4
85.

(/opt/local/share/texmf-texlive/tex/latex/latexconfig/epstopdf-sys.cfg
File: epstopdf-sys.cfg 2010/07/13 v1.3 Configuration of (r)epstopdf for TeX Liv
e
))
ABD: EveryShipout initializing macros
\AtBeginShipoutBox=\box77
Package hyperref Info: Link coloring OFF on input line 80.

(/opt/local/share/texmf-texlive/tex/latex/hyperref/nameref.sty
Package: nameref 2019/09/16 v2.46 Cross-referencing by name of section

(/opt/local/share/texmf-texlive/tex/latex/refcount/refcount.sty
Package: refcount 2019/12/15 v3.6 Data extraction from label references (HO)
)
(/opt/local/share/texmf-texlive/tex/generic/gettitlestring/gettitlestring.sty
Package: gettitlestring 2019/12/15 v1.6 Cleanup title references (HO)
)
\c@section@level=\count317
)
LaTeX Info: Redefining \ref on input line 80.
LaTeX Info: Redefining \pageref on input line 80.
LaTeX Info: Redefining \nameref on input line 80.
(./16-prior-bma.out) (./16-prior-bma.out)
\@outlinefile=\write6
\openout6 = `16-prior-bma.out'.

LaTeX Font Info:    Overwriting symbol font `operators' in version `normal'
(Font)                  OT1/cmr/m/n --> OT1/cmss/m/n on input line 80.
LaTeX Font Info:    Overwriting symbol font `operators' in version `bold'
(Font)                  OT1/cmr/bx/n --> OT1/cmss/b/n on input line 80.
\symnumbers=\mathgroup6
\sympureletters=\mathgroup7
LaTeX Font Info:    Overwriting math alphabet `\mathrm' in version `normal'
(Font)                  OT1/cmss/m/n --> OT1/cmr/m/n on input line 80.
LaTeX Font Info:    Redeclaring math alphabet \mathbf on input line 80.
LaTeX Font Info:    Overwriting math alphabet `\mathbf' in version `normal'
(Font)                  OT1/cmr/bx/n --> OT1/cmss/b/n on input line 80.
LaTeX Font Info:    Overwriting math alphabet `\mathbf' in version `bold'
(Font)                  OT1/cmr/bx/n --> OT1/cmss/b/n on input line 80.
LaTeX Font Info:    Redeclaring math alphabet \mathsf on input line 80.
LaTeX Font Info:    Overwriting math alphabet `\mathsf' in version `normal'
(Font)                  OT1/cmss/m/n --> OT1/cmss/m/n on input line 80.
LaTeX Font Info:    Overwriting math alphabet `\mathsf' in version `bold'
(Font)                  OT1/cmss/bx/n --> OT1/cmss/m/n on input line 80.
LaTeX Font Info:    Redeclaring math alphabet \mathit on input line 80.
LaTeX Font Info:    Overwriting math alphabet `\mathit' in version `normal'
(Font)                  OT1/cmr/m/it --> OT1/cmss/m/it on input line 80.
LaTeX Font Info:    Overwriting math alphabet `\mathit' in version `bold'
(Font)                  OT1/cmr/bx/it --> OT1/cmss/m/it on input line 80.
LaTeX Font Info:    Redeclaring math alphabet \mathtt on input line 80.
LaTeX Font Info:    Overwriting math alphabet `\mathtt' in version `normal'
(Font)                  OT1/cmtt/m/n --> OT1/cmtt/m/n on input line 80.
LaTeX Font Info:    Overwriting math alphabet `\mathtt' in version `bold'
(Font)                  OT1/cmtt/m/n --> OT1/cmtt/m/n on input line 80.
LaTeX Font Info:    Overwriting symbol font `numbers' in version `bold'
(Font)                  OT1/cmss/m/n --> OT1/cmss/b/n on input line 80.
LaTeX Font Info:    Overwriting symbol font `pureletters' in version `bold'
(Font)                  OT1/cmss/m/it --> OT1/cmss/b/it on input line 80.
LaTeX Font Info:    Overwriting math alphabet `\mathrm' in version `bold'
(Font)                  OT1/cmss/b/n --> OT1/cmr/b/n on input line 80.
LaTeX Font Info:    Overwriting math alphabet `\mathbf' in version `bold'
(Font)                  OT1/cmss/b/n --> OT1/cmss/b/n on input line 80.
LaTeX Font Info:    Overwriting math alphabet `\mathsf' in version `bold'
(Font)                  OT1/cmss/m/n --> OT1/cmss/b/n on input line 80.
LaTeX Font Info:    Overwriting math alphabet `\mathit' in version `bold'
(Font)                  OT1/cmss/m/it --> OT1/cmss/b/it on input line 80.
LaTeX Font Info:    Overwriting math alphabet `\mathtt' in version `bold'
(Font)                  OT1/cmtt/m/n --> OT1/cmtt/b/n on input line 80.
LaTeX Font Info:    Redeclaring symbol font `pureletters' on input line 80.
LaTeX Font Info:    Overwriting symbol font `pureletters' in version `normal'
(Font)                  OT1/cmss/m/it --> OT1/mathkerncmss/m/sl on input line 8
0.
LaTeX Font Info:    Overwriting symbol font `pureletters' in version `bold'
(Font)                  OT1/cmss/b/it --> OT1/mathkerncmss/m/sl on input line 8
0.
LaTeX Font Info:    Overwriting symbol font `pureletters' in version `bold'
(Font)                  OT1/mathkerncmss/m/sl --> OT1/mathkerncmss/bx/sl on inp
ut line 80.

(/opt/local/share/texmf-texlive/tex/latex/translator/translator-basic-dictionar
y-English.dict
Dictionary: translator-basic-dictionary, Language: English 
)
(/opt/local/share/texmf-texlive/tex/latex/translator/translator-bibliography-di
ctionary-English.dict
Dictionary: translator-bibliography-dictionary, Language: English 
)
(/opt/local/share/texmf-texlive/tex/latex/translator/translator-environment-dic
tionary-English.dict
Dictionary: translator-environment-dictionary, Language: English 
)
(/opt/local/share/texmf-texlive/tex/latex/translator/translator-months-dictiona
ry-English.dict
Dictionary: translator-months-dictionary, Language: English 
)
(/opt/local/share/texmf-texlive/tex/latex/translator/translator-numbers-diction
ary-English.dict
Dictionary: translator-numbers-dictionary, Language: English 
)
(/opt/local/share/texmf-texlive/tex/latex/translator/translator-theorem-diction
ary-English.dict
Dictionary: translator-theorem-dictionary, Language: English 
) (./16-prior-bma.nav) [1

{/opt/local/var/db/texmf/fonts/map/pdftex/updmap/pdftex.map}]
\openout4 = `16-prior-bma.vrb'.

 (./16-prior-bma.vrb
LaTeX Font Info:    Font shape `OT1/cmtt/bx/n' in size <10.95> not available
(Font)              Font shape `OT1/cmtt/m/n' tried instead on input line 5.
) [2

]
\openout4 = `16-prior-bma.vrb'.

 (./16-prior-bma.vrb
LaTeX Font Info:    Font shape `OT1/cmtt/bx/n' in size <10> not available
(Font)              Font shape `OT1/cmtt/m/n' tried instead on input line 7.

Overfull \hbox (107.45651pt too wide) in paragraph at lines 23--23
[]\OT1/cmtt/m/n/10 ##               P(B != 0 | Y)  model 1   model 2   model 3 
  model 4   model 5[] 
 []


Overfull \hbox (107.45651pt too wide) in paragraph at lines 23--23
[]\OT1/cmtt/m/n/10 ## Intercept         1.0000000 1.000000 1.0000000 1.0000000 
1.0000000 1.0000000[] 
 []


Overfull \hbox (107.45651pt too wide) in paragraph at lines 23--23
[]\OT1/cmtt/m/n/10 ## temp              0.9755041 1.000000 1.0000000 1.0000000 
1.0000000 1.0000000[] 
 []


Overfull \hbox (107.45651pt too wide) in paragraph at lines 23--23
[]\OT1/cmtt/m/n/10 ## log(mfgfirms)     0.7190313 1.000000 1.0000000 1.0000000 
1.0000000 0.0000000[] 
 []


Overfull \hbox (107.45651pt too wide) in paragraph at lines 23--23
[]\OT1/cmtt/m/n/10 ## log(popn)         0.2756811 0.000000 0.0000000 0.0000000 
1.0000000 1.0000000[] 
 []


Overfull \hbox (107.45651pt too wide) in paragraph at lines 23--23
[]\OT1/cmtt/m/n/10 ## wind              0.7654485 1.000000 1.0000000 1.0000000 
1.0000000 1.0000000[] 
 []


Overfull \hbox (107.45651pt too wide) in paragraph at lines 23--23
[]\OT1/cmtt/m/n/10 ## precip            0.5993801 1.000000 0.0000000 0.0000000 
1.0000000 1.0000000[] 
 []


Overfull \hbox (107.45651pt too wide) in paragraph at lines 23--23
[]\OT1/cmtt/m/n/10 ## raindays          0.3103574 0.000000 1.0000000 0.0000000 
0.0000000 0.0000000[] 
 []


Overfull \hbox (107.45651pt too wide) in paragraph at lines 23--23
[]\OT1/cmtt/m/n/10 ## BF                       NA 1.000000 0.3022674 0.2349056 
0.2093987 0.1971979[] 
 []


Overfull \hbox (107.45651pt too wide) in paragraph at lines 23--23
[]\OT1/cmtt/m/n/10 ## PostProbs                NA 0.275800 0.0834000 0.0648000 
0.0577000 0.0544000[] 
 []


Overfull \hbox (107.45651pt too wide) in paragraph at lines 23--23
[]\OT1/cmtt/m/n/10 ## R2                       NA 0.542700 0.5130000 0.4558000 
0.5500000 0.5020000[] 
 []


Overfull \hbox (107.45651pt too wide) in paragraph at lines 23--23
[]\OT1/cmtt/m/n/10 ## dim                      NA 5.000000 5.0000000 4.0000000 
6.0000000 5.0000000[] 
 []


Overfull \hbox (107.45651pt too wide) in paragraph at lines 23--23
[]\OT1/cmtt/m/n/10 ## logmarg                  NA 7.616228 6.4197847 6.1676565 
6.0527128 5.9926805[] 
 []

) [3

]
\openout4 = `16-prior-bma.vrb'.

 (./16-prior-bma.vrb
<figure/coef_plot-1.pdf, id=95, 578.16pt x 361.35pt>
File: figure/coef_plot-1.pdf Graphic file (type pdf)
<use figure/coef_plot-1.pdf>
Package pdftex.def Info: figure/coef_plot-1.pdf  used on input line 11.
(pdftex.def)             Requested size: 230.46591pt x 201.85838pt.
)
Overfull \vbox (1.82277pt too high) detected at line 154
 []

[4

 <./figure/coef_plot-1.pdf>]
<figure/unnamed-chunk-3-1.pdf, id=128, 578.16pt x 433.62pt>
File: figure/unnamed-chunk-3-1.pdf Graphic file (type pdf)
<use figure/unnamed-chunk-3-1.pdf>
Package pdftex.def Info: figure/unnamed-chunk-3-1.pdf  used on input line 169.
(pdftex.def)             Requested size: 325.2142pt x 216.80946pt.

Overfull \hbox (17.92433pt too wide) in paragraph at lines 169--169
[][][] 
 []


Overfull \vbox (16.77385pt too high) detected at line 169
 []

[5

 <./figure/unnamed-chunk-3-1.pdf>]
\openout4 = `16-prior-bma.vrb'.

 (./16-prior-bma.vrb
Overfull \hbox (3.13927pt too wide) in paragraph at lines 7--7
[][]\OT1/cmtt/m/n/10.95 poll.bb.bma[] []=[] []bas.lm[][]([][]log[][](SO2)[] []~
[] []temp[] []+[] []log[][](mfgfirms)[] []+[][] 
 []

) [6

]
<figure/unnamed-chunk-5-1.pdf, id=184, 578.16pt x 433.62pt>
File: figure/unnamed-chunk-5-1.pdf Graphic file (type pdf)
<use figure/unnamed-chunk-5-1.pdf>
Package pdftex.def Info: figure/unnamed-chunk-5-1.pdf  used on input line 202.
(pdftex.def)             Requested size: 325.2142pt x 216.80946pt.

Overfull \hbox (17.92433pt too wide) in paragraph at lines 202--202
[][][] 
 []


Overfull \vbox (16.77385pt too high) detected at line 202
 []

[7

 <./figure/unnamed-chunk-5-1.pdf>]
LaTeX Font Info:    Trying to load font information for U+msa on input line 222
.

(/opt/local/share/texmf-texlive/tex/latex/amsfonts/umsa.fd
File: umsa.fd 2013/01/14 v3.01 AMS symbols A
)
LaTeX Font Info:    Trying to load font information for U+msb on input line 222
.

(/opt/local/share/texmf-texlive/tex/latex/amsfonts/umsb.fd
File: umsb.fd 2013/01/14 v3.01 AMS symbols B
)
LaTeX Font Info:    Trying to load font information for OT1+mathkerncmss on inp
ut line 222.

(/opt/local/share/texmf-texlive/tex/latex/sansmathaccent/ot1mathkerncmss.fd
File: ot1mathkerncmss.fd 2020/01/31 Fontinst v1.933 font definitions for OT1/ma
thkerncmss.
)

LaTeX Font Warning: Font shape `OT1/cmss/b/n' undefined
(Font)              using `OT1/cmss/m/n' instead on input line 222.

[8

] [9

] [10

] [11

] [12

] [13

] [14

] [15

] [16

] [17

]
Overfull \hbox (28.33499pt too wide) detected at line 274
\OT1/mathkerncmss/m/sl/10.95 BF\OT1/cmss/b/n/10.95 ([] : [][]) = []
 []

[18

] [19

] [20

] [21

] [22

] [23

] [24

] [25

] [26

] [27

] [28

] [29

]
\openout4 = `16-prior-bma.vrb'.

 (./16-prior-bma.vrb
Overfull \hbox (49.12877pt too wide) in paragraph at lines 83--83
[]\OT1/cmtt/m/n/10.95 ##  $ y      : num  -0.0147 -1.0005 -0.1444 0.6987 -0.222
2 ...[] 
 []


Overfull \hbox (31.8827pt too wide) in paragraph at lines 83--83
[]\OT1/cmtt/m/n/10.95 ##  $ age    : num  0.7996 -0.0395 1.7913 -1.8703 0.113 .
..[] 
 []


Overfull \hbox (14.63664pt too wide) in paragraph at lines 83--83
[]\OT1/cmtt/m/n/10.95 ##  $ sex    : num  1.064 -0.937 1.064 -0.937 -0.937 ...[
] 
 []


Overfull \hbox (14.63664pt too wide) in paragraph at lines 83--83
[]\OT1/cmtt/m/n/10.95 ##  $ bmi    : num  1.296 -1.081 0.933 -0.243 -0.764 ...[
] 
 []


Overfull \hbox (8.88795pt too wide) in paragraph at lines 83--83
[]\OT1/cmtt/m/n/10.95 ##  $ map    : num  0.459 -0.553 -0.119 -0.77 0.459 ...[]
 
 []


Overfull \hbox (37.6314pt too wide) in paragraph at lines 83--83
[]\OT1/cmtt/m/n/10.95 ##  $ tc     : num  -0.9287 -0.1774 -0.9576 0.256 0.0826 
...[] 
 []


Overfull \hbox (14.63664pt too wide) in paragraph at lines 83--83
[]\OT1/cmtt/m/n/10.95 ##  $ ldl    : num  -0.731 -0.402 -0.718 0.525 0.328 ...[
] 
 []


Overfull \hbox (14.63664pt too wide) in paragraph at lines 83--83
[]\OT1/cmtt/m/n/10.95 ##  $ hdl    : num  -0.911 1.563 -0.679 -0.757 0.171 ...[
] 
 []


Overfull \hbox (49.12877pt too wide) in paragraph at lines 83--83
[]\OT1/cmtt/m/n/10.95 ##  $ tch    : num  -0.0544 -0.8294 -0.0544 0.7205 -0.054
4 ...[] 
 []


Overfull \hbox (37.6314pt too wide) in paragraph at lines 83--83
[]\OT1/cmtt/m/n/10.95 ##  $ ltg    : num  0.4181 -1.4349 0.0601 0.4765 -0.6718 
...[] 
 []


Overfull \hbox (26.13402pt too wide) in paragraph at lines 83--83
[]\OT1/cmtt/m/n/10.95 ##  $ glu    : num  -0.371 -1.936 -0.545 -0.197 -0.979 ..
.[] 
 []


Overfull \hbox (14.63664pt too wide) in paragraph at lines 83--83
[]\OT1/cmtt/m/n/10.95 ##  $ age^2  : num  -0.312 -0.867 1.925 2.176 -0.857 ...[
] 
 []


Overfull \hbox (43.38008pt too wide) in paragraph at lines 83--83
[]\OT1/cmtt/m/n/10.95 ##  $ bmi^2  : num  0.4726 0.1185 -0.0877 -0.6514 -0.2873
 ...[] 
 []


Overfull \hbox (26.13402pt too wide) in paragraph at lines 83--83
[]\OT1/cmtt/m/n/10.95 ##  $ map^2  : num  -0.652 -0.573 -0.815 -0.336 -0.652 ..
.[] 
 []


Overfull \hbox (49.12877pt too wide) in paragraph at lines 83--83
[]\OT1/cmtt/m/n/10.95 ##  $ tc^2   : num  -0.091 -0.6497 -0.0543 -0.6268 -0.666
3 ...[] 
 []


Overfull \hbox (8.88795pt too wide) in paragraph at lines 83--83
[]\OT1/cmtt/m/n/10.95 ##  $ ldl^2  : num  -0.289 -0.521 -0.3 -0.45 -0.555 ...[]
 
 []


Overfull \hbox (49.12877pt too wide) in paragraph at lines 83--83
[]\OT1/cmtt/m/n/10.95 ##  $ hdl^2  : num  -0.0973 0.8408 -0.3121 -0.2474 -0.563
9 ...[] 
 []


Overfull \hbox (26.13402pt too wide) in paragraph at lines 83--83
[]\OT1/cmtt/m/n/10.95 ##  $ tch^2  : num  -0.639 -0.199 -0.639 -0.308 -0.639 ..
.[] 
 []


Overfull \hbox (14.63664pt too wide) in paragraph at lines 83--83
[]\OT1/cmtt/m/n/10.95 ##  $ ltg^2  : num  -0.605 0.78 -0.731 -0.567 -0.402 ...[
] 
 []


Overfull \hbox (43.38008pt too wide) in paragraph at lines 83--83
[]\OT1/cmtt/m/n/10.95 ##  $ glu^2  : num  -0.578 1.8485 -0.4711 -0.6443 -0.0258
 ...[] 
 []


Overfull \hbox (3.13927pt too wide) in paragraph at lines 83--83
[]\OT1/cmtt/m/n/10.95 ##  $ age:sex: num  0.69 -0.139 1.765 1.609 -0.284 ...[] 

 []


Overfull \hbox (8.88795pt too wide) in paragraph at lines 83--83
[]\OT1/cmtt/m/n/10.95 ##  $ age:bmi: num  0.852 -0.142 1.489 0.271 -0.271 ...[]
 
 []


Overfull \hbox (43.38008pt too wide) in paragraph at lines 83--83
[]\OT1/cmtt/m/n/10.95 ##  $ age:map: num  0.0349 -0.3346 -0.5862 1.1821 -0.3025
 ...[] 
 []


Overfull \hbox (20.38533pt too wide) in paragraph at lines 83--83
[]\OT1/cmtt/m/n/10.95 ##  $ age:tc : num  -0.978 -0.246 -1.927 -0.72 -0.244 ...
[] 
 []


Overfull \hbox (14.63664pt too wide) in paragraph at lines 83--83
[]\OT1/cmtt/m/n/10.95 ##  $ age:ldl: num  -0.803 -0.203 -1.504 -1.2 -0.182 ...[
] 
 []


Overfull \hbox (37.6314pt too wide) in paragraph at lines 83--83
[]\OT1/cmtt/m/n/10.95 ##  $ age:hdl: num  -0.7247 0.0147 -1.2661 1.6523 0.1046 
...[] 
 []


Overfull \hbox (20.38533pt too wide) in paragraph at lines 83--83
[]\OT1/cmtt/m/n/10.95 ##  $ age:tch: num  -0.254 -0.176 -0.31 -1.598 -0.216 ...
[] 
 []


Overfull \hbox (43.38008pt too wide) in paragraph at lines 83--83
[]\OT1/cmtt/m/n/10.95 ##  $ age:ltg: num  0.0644 -0.2142 -0.163 -1.1657 -0.3474
 ...[] 
 []


Overfull \hbox (20.38533pt too wide) in paragraph at lines 83--83
[]\OT1/cmtt/m/n/10.95 ##  $ age:glu: num  -0.636 -0.239 -1.359 0.071 -0.438 ...
[] 
 []


Overfull \hbox (14.63664pt too wide) in paragraph at lines 83--83
[]\OT1/cmtt/m/n/10.95 ##  $ sex:tc : num  -1.02 0.131 -1.051 -0.274 -0.112 ...[
] 
 []


Overfull \hbox (20.38533pt too wide) in paragraph at lines 83--83
[]\OT1/cmtt/m/n/10.95 ##  $ sex:ldl: num  -0.927 0.236 -0.913 -0.638 -0.452 ...
[] 
 []


Overfull \hbox (14.63664pt too wide) in paragraph at lines 83--83
[]\OT1/cmtt/m/n/10.95 ##  $ sex:hdl: num  -0.647 -1.188 -0.377 1.189 0.238 ...[
] 
 []


Overfull \hbox (14.63664pt too wide) in paragraph at lines 83--83
[]\OT1/cmtt/m/n/10.95 ##  $ sex:tch: num  -0.411 0.47 -0.411 -1.062 -0.296 ...[
] 
 []


Overfull \hbox (37.6314pt too wide) in paragraph at lines 83--83
[]\OT1/cmtt/m/n/10.95 ##  $ sex:ltg: num  0.2988 1.2093 -0.0866 -0.6032 0.4857 
...[] 
 []


Overfull \hbox (43.38008pt too wide) in paragraph at lines 83--83
[]\OT1/cmtt/m/n/10.95 ##  $ sex:glu: num  -0.6171 1.6477 -0.8069 -0.0239 0.7283
 ...[] 
 []


Overfull \hbox (14.63664pt too wide) in paragraph at lines 83--83
[]\OT1/cmtt/m/n/10.95 ##  $ bmi:map: num  0.189 0.191 -0.477 -0.195 -0.702 ...[
] 
 []


Overfull \hbox (54.87746pt too wide) in paragraph at lines 83--83
[]\OT1/cmtt/m/n/10.95 ##  $ bmi:tc : num  -1.5061 -0.0595 -1.1853 -0.3231 -0.32
39 ...[] 
 []


Overfull \hbox (20.38533pt too wide) in paragraph at lines 83--83
[]\OT1/cmtt/m/n/10.95 ##  $ bmi:ldl: num  -1.267 0.183 -0.976 -0.407 -0.536 ...
[] 
 []


Overfull \hbox (8.88795pt too wide) in paragraph at lines 83--83
[]\OT1/cmtt/m/n/10.95 ##  $ bmi:hdl: num  -0.869 -1.41 -0.286 0.586 0.251 ...[]
 
 []


Overfull \hbox (20.38533pt too wide) in paragraph at lines 83--83
[]\OT1/cmtt/m/n/10.95 ##  $ bmi:tch: num  -0.505 0.505 -0.484 -0.614 -0.388 ...
[] 
 []


Overfull \hbox (37.6314pt too wide) in paragraph at lines 83--83
[]\OT1/cmtt/m/n/10.95 ##  $ bmi:ltg: num  0.1014 1.1613 -0.4085 -0.5893 0.0716 
...[] 
 []


Overfull \hbox (8.88795pt too wide) in paragraph at lines 83--83
[]\OT1/cmtt/m/n/10.95 ##  $ bmi:glu: num  -0.862 1.693 -0.89 -0.337 0.358 ...[]
 
 []


Overfull \hbox (20.38533pt too wide) in paragraph at lines 83--83
[]\OT1/cmtt/m/n/10.95 ##  $ map:tc : num  -0.687 -0.148 -0.131 -0.451 -0.21 ...
[] 
 []


Overfull \hbox (43.38008pt too wide) in paragraph at lines 83--83
[]\OT1/cmtt/m/n/10.95 ##  $ map:ldl: num  -0.5407 0.0388 -0.1034 -0.6114 -0.036
 ...[] 
 []


Overfull \hbox (8.88795pt too wide) in paragraph at lines 83--83
[]\OT1/cmtt/m/n/10.95 ##  $ map:hdl: num  -0.235 -0.672 0.254 0.745 0.252 ...[]
 
 []


Overfull \hbox (8.88795pt too wide) in paragraph at lines 83--83
[]\OT1/cmtt/m/n/10.95 ##  $ map:tch: num  -0.29 0.207 -0.258 -0.835 -0.29 ...[]
 
 []


Overfull \hbox (20.38533pt too wide) in paragraph at lines 83--83
[]\OT1/cmtt/m/n/10.95 ##  $ map:ltg: num  -0.214 0.428 -0.427 -0.811 -0.748 ...
[] 
 []


Overfull \hbox (14.63664pt too wide) in paragraph at lines 83--83
[]\OT1/cmtt/m/n/10.95 ##  $ map:glu: num  -0.541 0.659 -0.314 -0.23 -0.812 ...[
] 
 []


Overfull \hbox (26.13402pt too wide) in paragraph at lines 83--83
[]\OT1/cmtt/m/n/10.95 ##  $ tc:ldl : num  -0.144 -0.551 -0.139 -0.509 -0.581 ..
.[] 
 []


Overfull \hbox (43.38008pt too wide) in paragraph at lines 83--83
[]\OT1/cmtt/m/n/10.95 ##  $ tc:hdl : num  0.8363 -0.3457 0.6304 -0.2579 -0.0392
 ...[] 
 []


Overfull \hbox (26.13402pt too wide) in paragraph at lines 83--83
[]\OT1/cmtt/m/n/10.95 ##  $ tc:tch : num  -0.405 -0.326 -0.404 -0.295 -0.451 ..
.[] 
 []


Overfull \hbox (26.13402pt too wide) in paragraph at lines 83--83
[]\OT1/cmtt/m/n/10.95 ##  $ tc:ltg : num  -0.901 -0.259 -0.571 -0.392 -0.569 ..
.[] 
 []


Overfull \hbox (31.8827pt too wide) in paragraph at lines 83--83
[]\OT1/cmtt/m/n/10.95 ##  $ tc:glu : num  0.0202 0.0196 0.2073 -0.396 -0.4283 .
..[] 
 []


Overfull \hbox (3.13927pt too wide) in paragraph at lines 83--83
[]\OT1/cmtt/m/n/10.95 ##  $ ldl:hdl: num  0.889 -0.446 0.705 -0.207 0.26 ...[] 

 []


Overfull \hbox (20.38533pt too wide) in paragraph at lines 83--83
[]\OT1/cmtt/m/n/10.95 ##  $ ldl:tch: num  -0.463 -0.243 -0.463 -0.21 -0.506 ...
[] 
 []


Overfull \hbox (49.12877pt too wide) in paragraph at lines 83--83
[]\OT1/cmtt/m/n/10.95 ##  $ ldl:ltg: num  -0.6536 0.2724 -0.3783 -0.0708 -0.563
8 ...[] 
 []


Overfull \hbox (43.38008pt too wide) in paragraph at lines 83--83
[]\OT1/cmtt/m/n/10.95 ##  $ ldl:glu: num  -0.0194 0.4995 0.1032 -0.4013 -0.6234
 ...[] 
 []


Overfull \hbox (31.8827pt too wide) in paragraph at lines 83--83
[]\OT1/cmtt/m/n/10.95 ##  $ hdl:ltg: num  0.0179 -1.9846 0.3839 0.0399 0.3043 .
..[] 
 []


Overfull \hbox (3.13927pt too wide) in paragraph at lines 83--83
[]\OT1/cmtt/m/n/10.95 ##  $ hdl:glu: num  0.654 -2.948 0.689 0.452 0.113 ...[] 

 []


Overfull \hbox (20.38533pt too wide) in paragraph at lines 83--83
[]\OT1/cmtt/m/n/10.95 ##  $ tch:ltg: num  -0.592 0.531 -0.574 -0.253 -0.537 ...
[] 
 []


Overfull \hbox (14.63664pt too wide) in paragraph at lines 83--83
[]\OT1/cmtt/m/n/10.95 ##  $ tch:glu: num  -0.371 1.114 -0.362 -0.522 -0.34 ...[
] 
 []


Overfull \hbox (14.63664pt too wide) in paragraph at lines 83--83
[]\OT1/cmtt/m/n/10.95 ##  $ ltg:glu: num  -0.584 2.184 -0.468 -0.526 0.183 ...[
] 
 []

)
Overfull \vbox (800.76483pt too high) detected at line 404
 []

[30

]
\openout4 = `16-prior-bma.vrb'.

 (./16-prior-bma.vrb)
Overfull \vbox (23.13115pt too high) detected at line 437
 []

[31

]
\openout4 = `16-prior-bma.vrb'.

 (./16-prior-bma.vrb
<figure/diagnostics-1.pdf, id=839, 361.35pt x 361.35pt>
File: figure/diagnostics-1.pdf Graphic file (type pdf)
<use figure/diagnostics-1.pdf>
Package pdftex.def Info: figure/diagnostics-1.pdf  used on input line 9.
(pdftex.def)             Requested size: 122.91406pt x 122.9125pt.
) [32

 <./figure/diagnostics-1.pdf>]
\openout4 = `16-prior-bma.vrb'.

 (./16-prior-bma.vrb) [33

]
\openout4 = `16-prior-bma.vrb'.

 (./16-prior-bma.vrb
<figure/unnamed-chunk-6-1.pdf, id=897, 505.89pt x 252.945pt>
File: figure/unnamed-chunk-6-1.pdf Graphic file (type pdf)
<use figure/unnamed-chunk-6-1.pdf>
Package pdftex.def Info: figure/unnamed-chunk-6-1.pdf  used on input line 9.
(pdftex.def)             Requested size: 307.28987pt x 153.6478pt.
) [34

 <./figure/unnamed-chunk-6-1.pdf>] [35

]
\openout4 = `16-prior-bma.vrb'.


(./16-prior-bma.vrb) [36

] [37

] [38

] [39

] [40

] [41

]
\tf@nav=\write7
\openout7 = `16-prior-bma.nav'.

\tf@toc=\write8
\openout8 = `16-prior-bma.toc'.

\tf@snm=\write9
\openout9 = `16-prior-bma.snm'.

Package atveryend Info: Empty hook `BeforeClearDocument' on input line 581.
Package atveryend Info: Empty hook `AfterLastShipout' on input line 581.
 (./16-prior-bma.aux)
Package atveryend Info: Executing hook `AtVeryEndDocument' on input line 581.
Package atveryend Info: Executing hook `AtEndAfterFileList' on input line 581.
Package rerunfilecheck Info: File `16-prior-bma.out' has not changed.
(rerunfilecheck)             Checksum: D41D8CD98F00B204E9800998ECF8427E;0.


LaTeX Font Warning: Some font shapes were not available, defaults substituted.

 ) 
Here is how much of TeX's memory you used:
 18278 strings out of 481722
 345798 string characters out of 5926628
 613684 words of memory out of 5000000
 33426 multiletter control sequences out of 15000+600000
 547700 words of font info for 75 fonts, out of 8000000 for 9000
 430 hyphenation exceptions out of 8191
 58i,14n,67p,846b,551s stack positions out of 5000i,500n,10000p,200000b,80000s
</opt/local/share/texmf-texlive/fonts/type1/public/amsfonts/cm/cmex10.pfb></o
pt/local/share/texmf-texlive/fonts/type1/public/amsfonts/cm/cmitt10.pfb></opt/l
ocal/share/texmf-texlive/fonts/type1/public/amsfonts/cm/cmmi10.pfb></opt/local/
share/texmf-texlive/fonts/type1/public/amsfonts/cm/cmmi8.pfb></opt/local/share/
texmf-texlive/fonts/type1/public/amsfonts/cm/cmmib10.pfb></opt/local/share/texm
f-texlive/fonts/type1/public/amsfonts/cmextra/cmmib6.pfb></opt/local/share/texm
f-texlive/fonts/type1/public/amsfonts/cmextra/cmmib8.pfb></opt/local/share/texm
f-texlive/fonts/type1/public/amsfonts/cm/cmss10.pfb></opt/local/share/texmf-tex
live/fonts/type1/public/amsfonts/cm/cmss12.pfb></opt/local/share/texmf-texlive/
fonts/type1/public/amsfonts/cm/cmss8.pfb></opt/local/share/texmf-texlive/fonts/
type1/public/amsfonts/cm/cmssi10.pfb></opt/local/share/texmf-texlive/fonts/type
1/public/amsfonts/cm/cmssi12.pfb></opt/local/share/texmf-texlive/fonts/type1/pu
blic/amsfonts/cm/cmssi8.pfb></opt/local/share/texmf-texlive/fonts/type1/public/
amsfonts/cm/cmsy10.pfb></opt/local/share/texmf-texlive/fonts/type1/public/amsfo
nts/cm/cmsy8.pfb></opt/local/share/texmf-texlive/fonts/type1/public/amsfonts/cm
/cmtt10.pfb></opt/local/share/texmf-texlive/fonts/type1/public/amsfonts/symbols
/msam10.pfb>
Output written on 16-prior-bma.pdf (41 pages, 292174 bytes).
PDF statistics:
 1179 PDF objects out of 1200 (max. 8388607)
 1092 compressed objects within 11 object streams
 83 named destinations out of 1000 (max. 500000)
 68 words of extra memory for PDF output out of 10000 (max. 10000000)

